<?xml version="1.0" encoding="UTF-8"?>
<testng-results ignored="2" total="19" passed="17" failed="0" skipped="0">
  <reporter-output>
  </reporter-output>
  <suite started-at="2021-03-26T20:26:48 IST" name="Smoke_Suite" finished-at="2021-03-26T20:28:47 IST" duration-ms="118310">
    <groups>
    </groups>
    <test started-at="2021-03-26T20:26:48 IST" name="Smoke_Test" finished-at="2021-03-26T20:28:47 IST" duration-ms="118310">
      <class name="Tests.Test_Cruise_Functionality">
        <test-method is-config="true" signature="TC_InitiateCruise()[pri:0, instance:Tests.Test_Cruise_Functionality@36b4fe2a]" started-at="2021-03-26T20:26:48 IST" name="TC_InitiateCruise" finished-at="2021-03-26T20:26:48 IST" duration-ms="7" status="PASS">
          <reporter-output>
          </reporter-output>
        </test-method> <!-- TC_InitiateCruise -->
        <test-method signature="TC_ClickCruise()[pri:13, instance:Tests.Test_Cruise_Functionality@36b4fe2a]" started-at="2021-03-26T20:28:22 IST" name="TC_ClickCruise" finished-at="2021-03-26T20:28:31 IST" duration-ms="9572" status="PASS">
          <reporter-output>
          </reporter-output>
        </test-method> <!-- TC_ClickCruise -->
        <test-method signature="TC_CruiseType()[pri:14, instance:Tests.Test_Cruise_Functionality@36b4fe2a]" started-at="2021-03-26T20:28:31 IST" name="TC_CruiseType" finished-at="2021-03-26T20:28:35 IST" duration-ms="3701" status="PASS">
          <reporter-output>
          </reporter-output>
        </test-method> <!-- TC_CruiseType -->
        <test-method signature="TC_SelectCruiseVar()[pri:15, instance:Tests.Test_Cruise_Functionality@36b4fe2a]" started-at="2021-03-26T20:28:35 IST" name="TC_SelectCruiseVar" finished-at="2021-03-26T20:28:39 IST" duration-ms="3585" status="PASS">
          <reporter-output>
          </reporter-output>
        </test-method> <!-- TC_SelectCruiseVar -->
        <test-method signature="TC_ClickSub()[pri:16, instance:Tests.Test_Cruise_Functionality@36b4fe2a]" started-at="2021-03-26T20:28:39 IST" name="TC_ClickSub" finished-at="2021-03-26T20:28:39 IST" duration-ms="904" status="PASS">
          <reporter-output>
          </reporter-output>
        </test-method> <!-- TC_ClickSub -->
        <test-method signature="TC_GetDetails()[pri:17, instance:Tests.Test_Cruise_Functionality@36b4fe2a]" started-at="2021-03-26T20:28:39 IST" name="TC_GetDetails" finished-at="2021-03-26T20:28:47 IST" duration-ms="7192" status="PASS">
          <reporter-output>
          </reporter-output>
        </test-method> <!-- TC_GetDetails -->
      </class> <!-- Tests.Test_Cruise_Functionality -->
      <class name="Tests.Test_HolidayHome_Functionality">
        <test-method is-config="true" signature="startTest()[pri:0, instance:Tests.Test_HolidayHome_Functionality@757acd7b]" started-at="2021-03-26T20:26:23 IST" name="startTest" finished-at="2021-03-26T20:26:48 IST" duration-ms="25676" status="PASS">
          <reporter-output>
          </reporter-output>
        </test-method> <!-- startTest -->
        <test-method is-config="true" signature="TC_InitiateHolidayHomes()[pri:0, instance:Tests.Test_HolidayHome_Functionality@757acd7b]" started-at="2021-03-26T20:26:48 IST" name="TC_InitiateHolidayHomes" finished-at="2021-03-26T20:26:48 IST" duration-ms="8" status="PASS">
          <reporter-output>
          </reporter-output>
        </test-method> <!-- TC_InitiateHolidayHomes -->
        <test-method signature="TC_EnterCity()[pri:1, instance:Tests.Test_HolidayHome_Functionality@757acd7b]" started-at="2021-03-26T20:26:48 IST" name="TC_EnterCity" finished-at="2021-03-26T20:26:53 IST" duration-ms="4359" status="PASS">
          <reporter-output>
          </reporter-output>
        </test-method> <!-- TC_EnterCity -->
        <test-method signature="TC_VerifyCity()[pri:2, instance:Tests.Test_HolidayHome_Functionality@757acd7b]" started-at="2021-03-26T20:26:53 IST" name="TC_VerifyCity" finished-at="2021-03-26T20:26:58 IST" duration-ms="4849" status="PASS">
          <reporter-output>
          </reporter-output>
        </test-method> <!-- TC_VerifyCity -->
        <test-method signature="TC_SelectCity()[pri:3, instance:Tests.Test_HolidayHome_Functionality@757acd7b]" started-at="2021-03-26T20:26:58 IST" name="TC_SelectCity" finished-at="2021-03-26T20:27:00 IST" duration-ms="2197" status="PASS">
          <reporter-output>
          </reporter-output>
        </test-method> <!-- TC_SelectCity -->
        <test-method signature="TC_ClickHolidayHomes()[pri:4, instance:Tests.Test_HolidayHome_Functionality@757acd7b]" started-at="2021-03-26T20:27:00 IST" name="TC_ClickHolidayHomes" finished-at="2021-03-26T20:27:47 IST" duration-ms="47350" status="PASS">
          <reporter-output>
          </reporter-output>
        </test-method> <!-- TC_ClickHolidayHomes -->
        <test-method signature="TC_InDate()[pri:5, instance:Tests.Test_HolidayHome_Functionality@757acd7b]" started-at="2021-03-26T20:27:47 IST" name="TC_InDate" finished-at="2021-03-26T20:27:50 IST" duration-ms="2541" status="PASS">
          <reporter-output>
          </reporter-output>
        </test-method> <!-- TC_InDate -->
        <test-method signature="TC_SelectCheckIn()[pri:6, instance:Tests.Test_HolidayHome_Functionality@757acd7b]" started-at="2021-03-26T20:27:50 IST" name="TC_SelectCheckIn" finished-at="2021-03-26T20:27:53 IST" duration-ms="3069" status="PASS">
          <reporter-output>
          </reporter-output>
        </test-method> <!-- TC_SelectCheckIn -->
        <test-method signature="TC_SelectCheckOut()[pri:7, instance:Tests.Test_HolidayHome_Functionality@757acd7b]" started-at="2021-03-26T20:27:53 IST" name="TC_SelectCheckOut" finished-at="2021-03-26T20:27:56 IST" duration-ms="2887" status="PASS">
          <reporter-output>
          </reporter-output>
        </test-method> <!-- TC_SelectCheckOut -->
        <test-method signature="TC_GuestOption()[pri:8, instance:Tests.Test_HolidayHome_Functionality@757acd7b]" started-at="2021-03-26T20:27:56 IST" name="TC_GuestOption" finished-at="2021-03-26T20:28:07 IST" duration-ms="10973" status="PASS">
          <reporter-output>
          </reporter-output>
        </test-method> <!-- TC_GuestOption -->
        <test-method signature="TC_ClickApply()[pri:9, instance:Tests.Test_HolidayHome_Functionality@757acd7b]" started-at="2021-03-26T20:28:07 IST" name="TC_ClickApply" finished-at="2021-03-26T20:28:10 IST" duration-ms="2823" status="PASS">
          <reporter-output>
          </reporter-output>
        </test-method> <!-- TC_ClickApply -->
        <test-method signature="TC_TravellerRating()[pri:10, instance:Tests.Test_HolidayHome_Functionality@757acd7b]" started-at="2021-03-26T20:28:10 IST" name="TC_TravellerRating" finished-at="2021-03-26T20:28:17 IST" duration-ms="7977" status="PASS">
          <reporter-output>
          </reporter-output>
        </test-method> <!-- TC_TravellerRating -->
        <test-method signature="TC_Elevator()[pri:11, instance:Tests.Test_HolidayHome_Functionality@757acd7b]" started-at="2021-03-26T20:28:17 IST" name="TC_Elevator" finished-at="2021-03-26T20:28:20 IST" duration-ms="2959" status="PASS">
          <reporter-output>
          </reporter-output>
        </test-method> <!-- TC_Elevator -->
        <test-method signature="TC_PrintOutput()[pri:12, instance:Tests.Test_HolidayHome_Functionality@757acd7b]" started-at="2021-03-26T20:28:20 IST" name="TC_PrintOutput" finished-at="2021-03-26T20:28:22 IST" duration-ms="1187" status="PASS">
          <reporter-output>
          </reporter-output>
        </test-method> <!-- TC_PrintOutput -->
        <test-method is-config="true" signature="exitBrowser()[pri:0, instance:Tests.Test_HolidayHome_Functionality@757acd7b]" started-at="2021-03-26T20:28:47 IST" name="exitBrowser" finished-at="2021-03-26T20:28:52 IST" duration-ms="5108" status="PASS">
          <reporter-output>
          </reporter-output>
        </test-method> <!-- exitBrowser -->
      </class> <!-- Tests.Test_HolidayHome_Functionality -->
    </test> <!-- Smoke_Test -->
  </suite> <!-- Smoke_Suite -->
</testng-results>
