<?xml version="1.0" encoding="UTF-8"?>
<!-- Generated by org.testng.reporters.JUnitXMLReporter -->
<testsuite ignored="2" hostname="HP-PAVILLION" failures="0" tests="17" name="Smoke_Test" time="118.31" errors="0" timestamp="2021-03-26T20:28:47 IST">
  <testcase classname="Tests.Test_HolidayHome_Functionality" name="TC_EnterCity" time="4.359"/>
  <testcase classname="Tests.Test_HolidayHome_Functionality" name="TC_VerifyCity" time="4.849"/>
  <testcase classname="Tests.Test_HolidayHome_Functionality" name="TC_SelectCity" time="2.197"/>
  <testcase classname="Tests.Test_HolidayHome_Functionality" name="TC_ClickHolidayHomes" time="47.35"/>
  <testcase classname="Tests.Test_HolidayHome_Functionality" name="TC_InDate" time="2.541"/>
  <testcase classname="Tests.Test_HolidayHome_Functionality" name="TC_SelectCheckIn" time="3.069"/>
  <testcase classname="Tests.Test_HolidayHome_Functionality" name="TC_SelectCheckOut" time="2.887"/>
  <testcase classname="Tests.Test_HolidayHome_Functionality" name="TC_GuestOption" time="10.973"/>
  <testcase classname="Tests.Test_HolidayHome_Functionality" name="TC_ClickApply" time="2.823"/>
  <testcase classname="Tests.Test_HolidayHome_Functionality" name="TC_TravellerRating" time="7.977"/>
  <testcase classname="Tests.Test_HolidayHome_Functionality" name="TC_Elevator" time="2.959"/>
  <testcase classname="Tests.Test_HolidayHome_Functionality" name="TC_PrintOutput" time="1.187"/>
  <testcase classname="Tests.Test_Cruise_Functionality" name="TC_ClickCruise" time="9.572"/>
  <testcase classname="Tests.Test_Cruise_Functionality" name="TC_CruiseType" time="3.701"/>
  <testcase classname="Tests.Test_Cruise_Functionality" name="TC_SelectCruiseVar" time="3.585"/>
  <testcase classname="Tests.Test_Cruise_Functionality" name="TC_ClickSub" time="0.904"/>
  <testcase classname="Tests.Test_Cruise_Functionality" name="TC_GetDetails" time="7.192"/>
  <testcase classname="Tests.Parent_Class" name="@BeforeSuite startTest" time="0.0">
    <ignored/>
  </testcase> <!-- @BeforeSuite startTest -->
  <testcase classname="Tests.Parent_Class" name="@AfterSuite exitBrowser" time="0.0">
    <ignored/>
  </testcase> <!-- @AfterSuite exitBrowser -->
</testsuite> <!-- Smoke_Test -->
