<?xml version="1.0" encoding="UTF-8"?>
<!-- Generated by org.testng.reporters.JUnitXMLReporter -->
<testsuite ignored="2" hostname="HP-PAVILLION" failures="0" tests="17" name="Smoke_Test" time="68.777" errors="0" timestamp="2021-03-26T22:21:57 IST">
  <testcase classname="Tests.Test_HolidayHome_Functionality" name="TC_EnterCity" time="2.803"/>
  <testcase classname="Tests.Test_HolidayHome_Functionality" name="TC_VerifyCity" time="3.569"/>
  <testcase classname="Tests.Test_HolidayHome_Functionality" name="TC_SelectCity" time="1.594"/>
  <testcase classname="Tests.Test_HolidayHome_Functionality" name="TC_ClickHolidayHomes" time="15.726"/>
  <testcase classname="Tests.Test_HolidayHome_Functionality" name="TC_InDate" time="2.298"/>
  <testcase classname="Tests.Test_HolidayHome_Functionality" name="TC_SelectCheckIn" time="1.843"/>
  <testcase classname="Tests.Test_HolidayHome_Functionality" name="TC_SelectCheckOut" time="1.634"/>
  <testcase classname="Tests.Test_HolidayHome_Functionality" name="TC_GuestOption" time="10.75"/>
  <testcase classname="Tests.Test_HolidayHome_Functionality" name="TC_ClickApply" time="2.448"/>
  <testcase classname="Tests.Test_HolidayHome_Functionality" name="TC_TravellerRating" time="7.725"/>
  <testcase classname="Tests.Test_HolidayHome_Functionality" name="TC_Elevator" time="2.655"/>
  <testcase classname="Tests.Test_HolidayHome_Functionality" name="TC_PrintOutput" time="1.025"/>
  <testcase classname="Tests.Test_Cruise_Functionality" name="TC_ClickCruise" time="4.924"/>
  <testcase classname="Tests.Test_Cruise_Functionality" name="TC_CruiseType" time="2.807"/>
  <testcase classname="Tests.Test_Cruise_Functionality" name="TC_SelectCruiseVar" time="2.765"/>
  <testcase classname="Tests.Test_Cruise_Functionality" name="TC_ClickSub" time="0.768"/>
  <testcase classname="Tests.Test_Cruise_Functionality" name="TC_GetDetails" time="3.371"/>
  <testcase classname="Tests.Parent_Class" name="@BeforeSuite startTest" time="0.0">
    <ignored/>
  </testcase> <!-- @BeforeSuite startTest -->
  <testcase classname="Tests.Parent_Class" name="@AfterSuite exitBrowser" time="0.0">
    <ignored/>
  </testcase> <!-- @AfterSuite exitBrowser -->
</testsuite> <!-- Smoke_Test -->
