<?xml version="1.0" encoding="UTF-8"?>
<!-- Generated by org.testng.reporters.JUnitXMLReporter -->
<testsuite ignored="0" hostname="HP-PAVILLION" failures="0" tests="3" name="Regresion_Test" time="32.855" errors="0" timestamp="2021-03-26T20:14:23 IST">
  <testcase classname="Tests.Test_InvalidHolidayHomes_Functionality" name="TC_Negative1" time="18.317"/>
  <testcase classname="Tests.Test_InvalidHolidayHomes_Functionality" name="TC_Negative2" time="6.518"/>
  <testcase classname="Tests.Test_InvalidHolidayHomes_Functionality" name="TC_Negative3" time="8.007"/>
</testsuite> <!-- Regresion_Test -->
